2024-09-12T18:59:33.212Z [startup]: Starting dependency installation
2024-09-12T18:59:39.589Z [info]: Successfully installed typescript
2024-09-12T18:59:47.266Z [info]: Successfully installed jest
2024-09-12T18:59:51.230Z [info]: Successfully installed chalk
2024-09-12T18:59:55.052Z [info]: Successfully installed commander
2024-09-12T19:06:48.944Z [info]: Successfully installed lodash
2024-09-12T19:34:13.783Z [info]: Successfully installed lodash
2024-09-12T19:42:58.501Z [info]: Successfully installed lodash
2024-09-15T19:42:36.310Z [startup]: Starting dependency installation
2024-09-15T20:17:55.789Z [info]: Successfully installed lodash
2024-09-15T20:52:31.220Z [info]: Successfully installed lodash
2024-09-15T21:38:19.277Z [info]: Successfully installed lodash
2024-09-15T21:44:36.898Z [info]: Successfully installed lodash
2024-09-16T00:44:42.438Z [info]: Successfully installed lodash
2024-09-16T00:44:44.412Z [info]: Successfully installed lodash
2024-09-16T01:28:09.325Z [info]: Successfully installed lodash
2024-09-16T01:28:44.909Z [info]: Successfully installed lodash
2024-09-16T01:31:58.161Z [info]: Successfully installed lodash
2024-09-16T01:33:59.750Z [info]: Successfully installed lodash
2024-09-16T01:34:23.199Z [info]: Successfully installed lodash
2024-09-16T01:35:42.899Z [info]: Successfully installed lodash
2024-09-16T01:35:55.713Z [info]: Successfully installed lodash
2024-09-16T01:36:54.357Z [info]: Successfully installed lodash
2024-09-16T01:47:46.169Z [info]: Successfully installed lodash
2024-09-16T01:58:19.506Z [info]: Successfully installed lodash
2024-09-16T02:02:45.389Z [startup]: Starting dependency installation
2024-09-16T02:02:47.203Z [info]: Successfully installed typescript
2024-09-16T02:02:48.568Z [info]: Successfully installed jest
2024-09-16T02:02:49.805Z [info]: Successfully installed chalk
2024-09-16T02:02:51.440Z [info]: Successfully installed commander
2024-09-21T17:30:21.721Z [startup]: Starting dependency installation
2024-09-21T17:59:10.074Z [startup]: Starting dependency installation
2024-09-21T17:59:14.896Z [info]: Successfully installed typescript
2024-09-21T17:59:18.344Z [info]: Successfully installed jest
2024-09-21T17:59:21.705Z [info]: Successfully installed chalk
2024-09-21T17:59:25.067Z [info]: Successfully installed commander
2024-09-21T18:00:33.850Z [info]: Successfully installed lodash
2024-09-21T18:02:01.379Z [info]: Successfully installed lodash
2024-09-21T18:02:48.177Z [info]: Successfully installed lodash
2024-09-21T18:19:02.937Z [info]: Test info message
2024-09-21T18:19:02.976Z [error]: Test error message
2024-09-21T18:23:09.669Z [info]: Test info message
2024-09-21T18:23:09.691Z [error]: Test error message
2024-09-22T05:38:49.596Z [info]: Successfully installed lodash
2024-09-22T05:42:03.636Z [info]: Successfully installed lodash
2024-09-22T05:43:10.866Z [info]: Successfully installed lodash
2024-09-22T05:46:05.831Z [info]: Successfully installed lodash
2024-09-22T05:47:50.448Z [info]: Successfully installed lodash
2024-09-22T05:50:28.533Z [info]: Successfully installed lodash
2024-09-22T05:51:07.194Z [info]: Successfully installed lodash
2024-09-22T05:54:07.832Z [info]: Successfully installed lodash
2024-09-22T05:54:35.031Z [info]: Successfully installed lodash
2024-09-22T05:54:54.867Z [info]: Successfully installed lodash
2024-09-22T05:55:20.216Z [info]: Successfully installed lodash
2024-09-22T05:56:31.196Z [info]: Successfully installed lodash
2024-09-22T05:59:02.113Z [info]: Successfully installed lodash
2024-09-22T06:02:12.114Z [info]: Successfully installed lodash
2024-09-22T06:03:38.175Z [info]: Successfully installed lodash
2024-09-22T06:05:38.950Z [info]: Successfully installed lodash
2024-09-22T06:06:42.443Z [info]: Successfully installed lodash
2024-09-22T06:08:28.713Z [info]: Successfully installed lodash
2024-09-22T06:10:08.711Z [info]: Successfully installed lodash
2024-09-22T06:10:28.417Z [info]: Successfully installed lodash
2024-09-22T06:13:14.062Z [info]: Successfully installed lodash
2024-09-22T16:31:22.645Z [info]: Successfully installed lodash
2024-09-22T16:33:28.857Z [info]: Successfully installed lodash
2024-09-22T16:34:38.066Z [startup]: Starting dependency installation
2024-09-22T16:34:39.226Z [info]: Successfully installed typescript
2024-09-22T16:34:40.291Z [info]: Successfully installed jest
2024-09-22T16:34:41.296Z [info]: Successfully installed chalk
2024-09-22T16:34:42.236Z [info]: Successfully installed commander
2024-09-22T16:34:43.501Z [info]: Successfully installed isomorphic-git
2024-09-22T16:34:44.470Z [info]: Successfully installed fs-extra
2024-09-22T16:37:23.049Z [startup]: Starting dependency installation
2024-09-22T16:37:24.204Z [info]: Successfully installed typescript
2024-09-22T16:37:25.212Z [info]: Successfully installed jest
2024-09-22T16:37:26.211Z [info]: Successfully installed chalk
2024-09-22T16:37:27.277Z [info]: Successfully installed commander
2024-09-22T16:37:28.291Z [info]: Successfully installed isomorphic-git
2024-09-22T16:37:29.274Z [info]: Successfully installed fs-extra
2024-09-22T16:38:03.944Z [info]: Successfully installed lodash
2024-09-22T16:38:24.101Z [info]: Successfully installed lodash
